<?xml version="1.0" encoding="UTF-8"?>
<testng-results ignored="0" total="2" passed="2" failed="0" skipped="0">
  <reporter-output>
  </reporter-output>
  <suite started-at="2026-03-28T19:12:16 IST" name="Suite" finished-at="2026-03-28T19:12:29 IST" duration-ms="13293">
    <groups>
    </groups>
    <test started-at="2026-03-28T19:12:16 IST" name="ChromeTest" finished-at="2026-03-28T19:12:28 IST" duration-ms="12355">
      <class name="base.MainClass">
        <test-method is-config="true" signature="launchBrowser(java.lang.String)[pri:0, instance:base.MainClass@9f116cc]" started-at="2026-03-28T19:12:16 IST" name="launchBrowser" finished-at="2026-03-28T19:12:27 IST" duration-ms="11695" status="PASS">
          <params>
            <param index="0">
              <value>
                <![CDATA[chrome]]>
              </value>
            </param>
          </params>
          <reporter-output>
          </reporter-output>
        </test-method> <!-- launchBrowser -->
        <test-method signature="sampleTest()[pri:0, instance:base.MainClass@9f116cc]" started-at="2026-03-28T19:12:27 IST" name="sampleTest" finished-at="2026-03-28T19:12:27 IST" duration-ms="19" status="PASS">
          <reporter-output>
          </reporter-output>
        </test-method> <!-- sampleTest -->
        <test-method is-config="true" signature="teardown()[pri:0, instance:base.MainClass@9f116cc]" started-at="2026-03-28T19:12:27 IST" name="teardown" finished-at="2026-03-28T19:12:28 IST" duration-ms="565" status="PASS">
          <reporter-output>
          </reporter-output>
        </test-method> <!-- teardown -->
      </class> <!-- base.MainClass -->
    </test> <!-- ChromeTest -->
    <test started-at="2026-03-28T19:12:16 IST" name="EdgeTest" finished-at="2026-03-28T19:12:29 IST" duration-ms="13292">
      <class name="base.MainClass">
        <test-method is-config="true" signature="launchBrowser(java.lang.String)[pri:0, instance:base.MainClass@5b8dfcc1]" started-at="2026-03-28T19:12:16 IST" name="launchBrowser" finished-at="2026-03-28T19:12:28 IST" duration-ms="12495" status="PASS">
          <params>
            <param index="0">
              <value>
                <![CDATA[edge]]>
              </value>
            </param>
          </params>
          <reporter-output>
          </reporter-output>
        </test-method> <!-- launchBrowser -->
        <test-method signature="sampleTest()[pri:0, instance:base.MainClass@5b8dfcc1]" started-at="2026-03-28T19:12:28 IST" name="sampleTest" finished-at="2026-03-28T19:12:28 IST" duration-ms="3" status="PASS">
          <reporter-output>
          </reporter-output>
        </test-method> <!-- sampleTest -->
        <test-method is-config="true" signature="teardown()[pri:0, instance:base.MainClass@5b8dfcc1]" started-at="2026-03-28T19:12:28 IST" name="teardown" finished-at="2026-03-28T19:12:29 IST" duration-ms="747" status="PASS">
          <reporter-output>
          </reporter-output>
        </test-method> <!-- teardown -->
      </class> <!-- base.MainClass -->
    </test> <!-- EdgeTest -->
  </suite> <!-- Suite -->
</testng-results>
