<?xml version="1.0" encoding="UTF-8"?>
<testng-results ignored="0" total="2" passed="2" failed="0" skipped="0">
  <reporter-output>
  </reporter-output>
  <suite started-at="2026-03-29T22:28:28 IST" name="Suite" finished-at="2026-03-29T22:28:41 IST" duration-ms="13691">
    <groups>
    </groups>
    <test started-at="2026-03-29T22:28:28 IST" name="ChromeTest" finished-at="2026-03-29T22:28:39 IST" duration-ms="11079">
      <class name="base.MainClass">
        <test-method is-config="true" signature="launchBrowser(java.lang.String)[pri:0, instance:base.MainClass@9f116cc]" started-at="2026-03-29T22:28:28 IST" name="launchBrowser" finished-at="2026-03-29T22:28:32 IST" duration-ms="4162" status="PASS">
          <params>
            <param index="0">
              <value>
                <![CDATA[chrome]]>
              </value>
            </param>
          </params>
          <reporter-output>
          </reporter-output>
        </test-method> <!-- launchBrowser -->
        <test-method signature="sampleTest()[pri:0, instance:base.MainClass@9f116cc]" started-at="2026-03-29T22:28:32 IST" name="sampleTest" finished-at="2026-03-29T22:28:38 IST" duration-ms="6383" status="PASS">
          <reporter-output>
          </reporter-output>
        </test-method> <!-- sampleTest -->
        <test-method is-config="true" signature="teardown()[pri:0, instance:base.MainClass@9f116cc]" started-at="2026-03-29T22:28:38 IST" name="teardown" finished-at="2026-03-29T22:28:39 IST" duration-ms="447" status="PASS">
          <reporter-output>
          </reporter-output>
        </test-method> <!-- teardown -->
      </class> <!-- base.MainClass -->
    </test> <!-- ChromeTest -->
    <test started-at="2026-03-29T22:28:28 IST" name="EdgeTest" finished-at="2026-03-29T22:28:41 IST" duration-ms="13691">
      <class name="base.MainClass">
        <test-method is-config="true" signature="launchBrowser(java.lang.String)[pri:0, instance:base.MainClass@5b8dfcc1]" started-at="2026-03-29T22:28:28 IST" name="launchBrowser" finished-at="2026-03-29T22:28:32 IST" duration-ms="4183" status="PASS">
          <params>
            <param index="0">
              <value>
                <![CDATA[edge]]>
              </value>
            </param>
          </params>
          <reporter-output>
          </reporter-output>
        </test-method> <!-- launchBrowser -->
        <test-method signature="sampleTest()[pri:0, instance:base.MainClass@5b8dfcc1]" started-at="2026-03-29T22:28:32 IST" name="sampleTest" finished-at="2026-03-29T22:28:41 IST" duration-ms="9141" status="PASS">
          <reporter-output>
          </reporter-output>
        </test-method> <!-- sampleTest -->
        <test-method is-config="true" signature="teardown()[pri:0, instance:base.MainClass@5b8dfcc1]" started-at="2026-03-29T22:28:41 IST" name="teardown" finished-at="2026-03-29T22:28:41 IST" duration-ms="315" status="PASS">
          <reporter-output>
          </reporter-output>
        </test-method> <!-- teardown -->
      </class> <!-- base.MainClass -->
    </test> <!-- EdgeTest -->
  </suite> <!-- Suite -->
</testng-results>
